<?xml version="1.0" encoding="UTF-8"?>
<testng-results ignored="18" total="20" passed="2" failed="0" skipped="0">
  <reporter-output>
  </reporter-output>
  <suite started-at="2025-03-18T19:02:03 IST" name="Suite" finished-at="2025-03-18T19:02:03 IST" duration-ms="50">
    <groups>
      <group name="smoke">
        <method signature="Product.uploadProduct()[pri:0, instance:shopping.Product@14cd1699]" name="uploadProduct" class="shopping.Product"/>
        <method signature="Sller.login()[pri:0, instance:shopping.Sller@47eaca72]" name="login" class="shopping.Sller"/>
      </group> <!-- smoke -->
    </groups>
    <test started-at="2025-03-18T19:02:03 IST" name="Test" finished-at="2025-03-18T19:02:03 IST" duration-ms="50">
      <class name="shopping.Sller">
        <test-method signature="login()[pri:0, instance:shopping.Sller@47eaca72]" started-at="2025-03-18T19:02:03 IST" name="login" finished-at="2025-03-18T19:02:03 IST" duration-ms="9" status="PASS">
          <reporter-output>
          </reporter-output>
        </test-method> <!-- login -->
      </class> <!-- shopping.Sller -->
      <class name="shopping.Product">
        <test-method signature="uploadProduct()[pri:0, instance:shopping.Product@14cd1699]" started-at="2025-03-18T19:02:03 IST" name="uploadProduct" finished-at="2025-03-18T19:02:03 IST" duration-ms="1" status="PASS">
          <reporter-output>
          </reporter-output>
        </test-method> <!-- uploadProduct -->
      </class> <!-- shopping.Product -->
    </test> <!-- Test -->
  </suite> <!-- Suite -->
</testng-results>
