<?xml version="1.0" encoding="UTF-8"?>
<testng-results ignored="0" total="3" passed="3" failed="0" skipped="0">
  <reporter-output>
  </reporter-output>
  <suite started-at="2025-03-29T19:01:19 IST" name="Suite" finished-at="2025-03-29T19:01:28 IST" duration-ms="9747">
    <groups>
    </groups>
    <test started-at="2025-03-29T19:01:19 IST" name="Test" finished-at="2025-03-29T19:01:21 IST" duration-ms="2275">
      <class name="crossbrowser.CrossBrowser">
        <test-method signature="test(java.lang.String)[pri:0, instance:crossbrowser.CrossBrowser@7c7b252e]" started-at="2025-03-29T19:01:19 IST" name="test" finished-at="2025-03-29T19:01:21 IST" duration-ms="2236" status="PASS">
          <params>
            <param index="0">
              <value>
                <![CDATA[chrome]]>
              </value>
            </param>
          </params>
          <reporter-output>
          </reporter-output>
        </test-method> <!-- test -->
      </class> <!-- crossbrowser.CrossBrowser -->
    </test> <!-- Test -->
    <test started-at="2025-03-29T19:01:21 IST" name="Test2" finished-at="2025-03-29T19:01:24 IST" duration-ms="3132">
      <class name="crossbrowser.CrossBrowser">
        <test-method signature="test(java.lang.String)[pri:0, instance:crossbrowser.CrossBrowser@1fa121e2]" started-at="2025-03-29T19:01:21 IST" name="test" finished-at="2025-03-29T19:01:24 IST" duration-ms="3130" status="PASS">
          <params>
            <param index="0">
              <value>
                <![CDATA[edge]]>
              </value>
            </param>
          </params>
          <reporter-output>
          </reporter-output>
        </test-method> <!-- test -->
      </class> <!-- crossbrowser.CrossBrowser -->
    </test> <!-- Test2 -->
    <test started-at="2025-03-29T19:01:24 IST" name="Test3" finished-at="2025-03-29T19:01:28 IST" duration-ms="4297">
      <class name="crossbrowser.CrossBrowser">
        <test-method signature="test(java.lang.String)[pri:0, instance:crossbrowser.CrossBrowser@4116aac9]" started-at="2025-03-29T19:01:24 IST" name="test" finished-at="2025-03-29T19:01:28 IST" duration-ms="4295" status="PASS">
          <params>
            <param index="0">
              <value>
                <![CDATA[ff]]>
              </value>
            </param>
          </params>
          <reporter-output>
          </reporter-output>
        </test-method> <!-- test -->
      </class> <!-- crossbrowser.CrossBrowser -->
    </test> <!-- Test3 -->
  </suite> <!-- Suite -->
</testng-results>
