<?xml version="1.0" encoding="UTF-8"?>
<!-- Generated by org.testng.reporters.JUnitXMLReporter -->
<testsuite ignored="4" hostname="DESKTOP-3N8J1NJ" failures="0" tests="1" name="Default test" time="0.047" errors="0" timestamp="2025-03-18T18:59:06 IST">
  <testcase classname="shopping.Product" name="uploadProduct" time="0.008"/>
  <testcase classname="shopping.Product" name="saerchPr" time="0.0">
    <ignored/>
  </testcase> <!-- saerchPr -->
  <testcase classname="shopping.Product" name="removeProducrt" time="0.0">
    <ignored/>
  </testcase> <!-- removeProducrt -->
  <testcase classname="shopping.Product" name="comparePro" time="0.0">
    <ignored/>
  </testcase> <!-- comparePro -->
  <testcase classname="shopping.Product" name="mangeProduct" time="0.0">
    <ignored/>
  </testcase> <!-- mangeProduct -->
</testsuite> <!-- Default test -->
