<?xml version="1.0" encoding="UTF-8"?>
<!-- Generated by org.testng.reporters.JUnitXMLReporter -->
<testsuite ignored="0" hostname="DESKTOP-3N8J1NJ" failures="0" tests="4" name="Default test" time="7.874" errors="0" timestamp="2025-03-27T18:43:42 IST">
  <testcase classname="parameters.Parameterized_TestNG" name="login" time="0.098"/>
  <testcase classname="parameters.Parameterized_TestNG" name="login" time="0.092"/>
  <testcase classname="parameters.Parameterized_TestNG" name="login" time="0.094"/>
  <testcase classname="parameters.Parameterized_TestNG" name="login" time="0.09"/>
</testsuite> <!-- Default test -->
