<?xml version="1.0" encoding="UTF-8"?>
<!-- Generated by org.testng.reporters.JUnitXMLReporter -->
<testsuite ignored="0" hostname="DESKTOP-3N8J1NJ" failures="0" tests="17" name="Test1" time="0.022" errors="0" timestamp="2025-03-18T18:55:24 IST">
  <testcase classname="shopping.Sller" name="CA" time="0.0"/>
  <testcase classname="shopping.Sller" name="CP" time="0.001"/>
  <testcase classname="shopping.Sller" name="login" time="0.0"/>
  <testcase classname="shopping.Sller" name="logout" time="0.0"/>
  <testcase classname="shopping.Product" name="comparePro" time="0.001"/>
  <testcase classname="shopping.Product" name="mangeProduct" time="0.001"/>
  <testcase classname="shopping.Product" name="removeProducrt" time="0.001"/>
  <testcase classname="shopping.Product" name="saerchPr" time="0.0"/>
  <testcase classname="shopping.Product" name="uploadProduct" time="0.0"/>
  <testcase classname="shopping.Customer" name="CA" time="0.001"/>
  <testcase classname="shopping.Customer" name="CP" time="0.001"/>
  <testcase classname="shopping.Customer" name="login" time="0.001"/>
  <testcase classname="shopping.Customer" name="logout" time="0.0"/>
  <testcase classname="shopping.Payment" name="COD" time="0.0"/>
  <testcase classname="shopping.Payment" name="UPI" time="0.0"/>
  <testcase classname="shopping.Payment" name="creditCard" time="0.0"/>
  <testcase classname="shopping.Payment" name="debitCard" time="0.0"/>
</testsuite> <!-- Test1 -->
