<?xml version="1.0" encoding="UTF-8"?>
<!-- Generated by org.testng.reporters.JUnitXMLReporter -->
<testsuite ignored="18" hostname="DESKTOP-3N8J1NJ" failures="0" tests="2" name="Test" time="0.05" errors="0" timestamp="2025-03-18T19:02:03 IST">
  <testcase classname="shopping.Sller" name="login" time="0.009"/>
  <testcase classname="shopping.Product" name="uploadProduct" time="0.001"/>
  <testcase classname="shopping.Customer" name="logout" time="0.0">
    <ignored/>
  </testcase> <!-- logout -->
  <testcase classname="shopping.Customer" name="login" time="0.0">
    <ignored/>
  </testcase> <!-- login -->
  <testcase classname="shopping.Cart" name="addToCart" time="0.0">
    <ignored/>
  </testcase> <!-- addToCart -->
  <testcase classname="shopping.Payment" name="debitCard" time="0.0">
    <ignored/>
  </testcase> <!-- debitCard -->
  <testcase classname="shopping.Payment" name="COD" time="0.0">
    <ignored/>
  </testcase> <!-- COD -->
  <testcase classname="shopping.Cart" name="removeFromCart" time="0.0">
    <ignored/>
  </testcase> <!-- removeFromCart -->
  <testcase classname="shopping.Sller" name="logout" time="0.0">
    <ignored/>
  </testcase> <!-- logout -->
  <testcase classname="shopping.Product" name="saerchPr" time="0.0">
    <ignored/>
  </testcase> <!-- saerchPr -->
  <testcase classname="shopping.Sller" name="CP" time="0.0">
    <ignored/>
  </testcase> <!-- CP -->
  <testcase classname="shopping.Customer" name="CP" time="0.0">
    <ignored/>
  </testcase> <!-- CP -->
  <testcase classname="shopping.Payment" name="creditCard" time="0.0">
    <ignored/>
  </testcase> <!-- creditCard -->
  <testcase classname="shopping.Product" name="mangeProduct" time="0.0">
    <ignored/>
  </testcase> <!-- mangeProduct -->
  <testcase classname="shopping.Payment" name="UPI" time="0.0">
    <ignored/>
  </testcase> <!-- UPI -->
  <testcase classname="shopping.Product" name="removeProducrt" time="0.0">
    <ignored/>
  </testcase> <!-- removeProducrt -->
  <testcase classname="shopping.Product" name="comparePro" time="0.0">
    <ignored/>
  </testcase> <!-- comparePro -->
  <testcase classname="shopping.Cart" name="manageCart" time="0.0">
    <ignored/>
  </testcase> <!-- manageCart -->
  <testcase classname="shopping.Customer" name="CA" time="0.0">
    <ignored/>
  </testcase> <!-- CA -->
  <testcase classname="shopping.Sller" name="CA" time="0.0">
    <ignored/>
  </testcase> <!-- CA -->
</testsuite> <!-- Test -->
